# Logfile created on 2013-11-11 19:35:33 +0100 by logger.rb/31641
Served asset /application.css - 304 Not Modified (2ms)
Served asset /jquery.js - 304 Not Modified (11ms)
Served asset /jquery_ujs.js - 304 Not Modified (6ms)
Served asset /application.js - 304 Not Modified (21ms)
Served asset /jquery.js - 304 Not Modified (4ms)
Served asset /application.css - 304 Not Modified (0ms)
Served asset /jquery_ujs.js - 304 Not Modified (2ms)
Served asset /application.js - 304 Not Modified (4ms)
Served asset /application.css - 304 Not Modified (0ms)
Served asset /jquery.js - 304 Not Modified (1ms)
Served asset /jquery_ujs.js - 304 Not Modified (1ms)
Served asset /application.js - 304 Not Modified (15ms)
Served asset /application.css - 304 Not Modified (0ms)
Served asset /jquery.js - 304 Not Modified (0ms)
Served asset /jquery_ujs.js - 304 Not Modified (1ms)
Served asset /application.js - 304 Not Modified (1ms)
Served asset /jquery.js - 304 Not Modified (1ms)
Served asset /application.css - 304 Not Modified (0ms)
Served asset /jquery_ujs.js - 304 Not Modified (1ms)
Served asset /application.js - 304 Not Modified (2ms)
Served asset /application.css - 304 Not Modified (0ms)
Served asset /jquery.js - 304 Not Modified (1ms)
Served asset /jquery_ujs.js - 304 Not Modified (0ms)
Served asset /application.js - 304 Not Modified (1ms)
Served asset /application.css - 304 Not Modified (0ms)
Served asset /jquery.js - 304 Not Modified (1ms)
Served asset /jquery_ujs.js - 304 Not Modified (1ms)
Served asset /application.js - 304 Not Modified (3ms)
Served asset /jquery.js - 304 Not Modified (3ms)
Served asset /application.css - 304 Not Modified (0ms)
Served asset /jquery_ujs.js - 304 Not Modified (2ms)
Served asset /application.js - 304 Not Modified (1ms)
Served asset /jquery.js - 304 Not Modified (2ms)
Served asset /application.css - 304 Not Modified (0ms)
Served asset /application.js - 304 Not Modified (2ms)
Served asset /jquery_ujs.js - 304 Not Modified (0ms)
Served asset /application.css - 304 Not Modified (0ms)
Served asset /jquery_ujs.js - 304 Not Modified (3ms)
Served asset /application.js - 304 Not Modified (1ms)
Served asset /jquery.js - 304 Not Modified (1ms)
Served asset /application.css - 304 Not Modified (0ms)
Served asset /jquery.js - 304 Not Modified (1ms)
Served asset /jquery_ujs.js - 304 Not Modified (0ms)
Served asset /application.js - 304 Not Modified (1ms)
Served asset /application.css - 304 Not Modified (0ms)
Served asset /jquery.js - 304 Not Modified (0ms)
Served asset /jquery_ujs.js - 304 Not Modified (0ms)
Served asset /application.js - 304 Not Modified (2ms)
Served asset /jquery.js - 304 Not Modified (4ms)
Served asset /application.css - 304 Not Modified (1ms)
Served asset /jquery_ujs.js - 304 Not Modified (3ms)
Served asset /application.js - 304 Not Modified (16ms)
Served asset /application.css - 304 Not Modified (0ms)
Served asset /jquery.js - 304 Not Modified (0ms)
Served asset /jquery_ujs.js - 304 Not Modified (0ms)
Served asset /application.js - 304 Not Modified (1ms)
Served asset /application.css - 304 Not Modified (0ms)
Served asset /jquery.js - 304 Not Modified (1ms)
Served asset /jquery_ujs.js - 304 Not Modified (0ms)
Served asset /application.js - 304 Not Modified (16ms)
Served asset /application.css - 304 Not Modified (0ms)
Served asset /jquery.js - 304 Not Modified (1ms)
Served asset /jquery_ujs.js - 304 Not Modified (1ms)
Served asset /application.js - 304 Not Modified (1ms)
Served asset /jquery.js - 304 Not Modified (1ms)
Served asset /application.css - 304 Not Modified (0ms)
Served asset /jquery_ujs.js - 304 Not Modified (1ms)
Served asset /application.js - 304 Not Modified (0ms)
Served asset /jquery.js - 304 Not Modified (1ms)
Served asset /application.css - 304 Not Modified (0ms)
Served asset /jquery_ujs.js - 304 Not Modified (0ms)
Served asset /application.js - 304 Not Modified (2ms)
Served asset /jquery.js - 304 Not Modified (2ms)
Served asset /application.css - 304 Not Modified (0ms)
Served asset /application.js - 304 Not Modified (3ms)
Served asset /jquery_ujs.js - 304 Not Modified (0ms)
Served asset /application.css - 304 Not Modified (0ms)
Served asset /jquery.js - 304 Not Modified (1ms)
Served asset /jquery_ujs.js - 304 Not Modified (0ms)
Served asset /application.js - 304 Not Modified (0ms)
Served asset /jquery_ujs.js - 304 Not Modified (2ms)
Served asset /application.js - 304 Not Modified (2ms)
Served asset /jquery.js - 304 Not Modified (1ms)
Served asset /application.css - 304 Not Modified (0ms)
Served asset /application.css - 304 Not Modified (0ms)
Served asset /jquery_ujs.js - 304 Not Modified (1ms)
Served asset /application.js - 304 Not Modified (2ms)
Served asset /jquery.js - 304 Not Modified (2ms)
Served asset /application.css - 304 Not Modified (1ms)
Served asset /jquery_ujs.js - 304 Not Modified (16ms)
Served asset /jquery.js - 304 Not Modified (2ms)
Served asset /application.js - 304 Not Modified (1ms)
Served asset /jquery.js - 304 Not Modified (2ms)
Served asset /application.css - 304 Not Modified (0ms)
Served asset /application.js - 304 Not Modified (3ms)
Served asset /jquery_ujs.js - 304 Not Modified (0ms)
Served asset /jquery.js - 304 Not Modified (1ms)
Served asset /application.css - 304 Not Modified (0ms)
Served asset /jquery_ujs.js - 304 Not Modified (1ms)
Served asset /application.js - 304 Not Modified (1ms)
Served asset /jquery_ujs.js - 304 Not Modified (1ms)
Served asset /jquery.js - 304 Not Modified (3ms)
Served asset /application.css - 304 Not Modified (1ms)
Served asset /application.js - 304 Not Modified (2ms)
Served asset /application.css - 304 Not Modified (0ms)
Served asset /jquery.js - 304 Not Modified (1ms)
Served asset /jquery_ujs.js - 304 Not Modified (0ms)
Served asset /application.js - 304 Not Modified (16ms)
Served asset /application.css - 304 Not Modified (0ms)
Served asset /application.js - 304 Not Modified (17ms)
Served asset /jquery_ujs.js - 304 Not Modified (1ms)
Served asset /jquery.js - 304 Not Modified (2ms)
Served asset /application.css - 304 Not Modified (0ms)
Served asset /jquery_ujs.js - 304 Not Modified (3ms)
Served asset /application.js - 304 Not Modified (2ms)
Served asset /jquery.js - 304 Not Modified (1ms)
Served asset /jquery.js - 304 Not Modified (3ms)
Served asset /application.css - 304 Not Modified (0ms)
Served asset /jquery_ujs.js - 304 Not Modified (2ms)
Served asset /application.js - 304 Not Modified (2ms)
Served asset /application.css - 304 Not Modified (0ms)
Served asset /application.js - 304 Not Modified (4ms)
Served asset /jquery.js - 304 Not Modified (1ms)
Served asset /jquery_ujs.js - 304 Not Modified (0ms)
Served asset /jquery_ujs.js - 304 Not Modified (3ms)
Served asset /application.js - 304 Not Modified (2ms)
Served asset /jquery.js - 304 Not Modified (1ms)
Served asset /application.css - 304 Not Modified (0ms)
Served asset /jquery.js - 304 Not Modified (1ms)
Served asset /application.css - 304 Not Modified (0ms)
Served asset /jquery_ujs.js - 304 Not Modified (0ms)
Served asset /application.js - 304 Not Modified (2ms)
Served asset /application.css - 304 Not Modified (0ms)
Served asset /jquery_ujs.js - 304 Not Modified (3ms)
Served asset /jquery.js - 304 Not Modified (0ms)
Served asset /application.js - 304 Not Modified (1ms)
Served asset /application.css - 304 Not Modified (0ms)
Served asset /jquery.js - 304 Not Modified (3ms)
Served asset /jquery_ujs.js - 304 Not Modified (1ms)
Served asset /application.js - 304 Not Modified (2ms)
Served asset /jquery.js - 304 Not Modified (1ms)
Served asset /application.css - 304 Not Modified (0ms)
Served asset /jquery_ujs.js - 304 Not Modified (1ms)
Served asset /application.js - 304 Not Modified (2ms)
Served asset /jquery.js - 304 Not Modified (0ms)
Served asset /application.css - 304 Not Modified (0ms)
Served asset /jquery_ujs.js - 304 Not Modified (1ms)
Served asset /application.js - 304 Not Modified (17ms)
Served asset /application.css - 304 Not Modified (0ms)
Served asset /jquery.js - 304 Not Modified (1ms)
Served asset /jquery_ujs.js - 304 Not Modified (0ms)
Served asset /application.js - 304 Not Modified (1ms)
Served asset /application.css - 304 Not Modified (0ms)
Served asset /jquery.js - 304 Not Modified (1ms)
Served asset /jquery_ujs.js - 304 Not Modified (1ms)
Served asset /application.js - 304 Not Modified (1ms)
Served asset /application.css - 304 Not Modified (1ms)
Served asset /jquery.js - 304 Not Modified (3ms)
Served asset /jquery_ujs.js - 304 Not Modified (2ms)
Served asset /application.js - 304 Not Modified (15ms)
Served asset /application.css - 304 Not Modified (0ms)
Served asset /jquery.js - 304 Not Modified (16ms)
Served asset /application.js - 304 Not Modified (0ms)
Served asset /jquery_ujs.js - 304 Not Modified (0ms)
Served asset /application.css - 304 Not Modified (0ms)
Served asset /application.js - 304 Not Modified (4ms)
Served asset /jquery_ujs.js - 304 Not Modified (15ms)
Served asset /jquery.js - 304 Not Modified (1ms)
Served asset /jquery.js - 200 OK (1ms)
Served asset /application.css - 200 OK (0ms)
Served asset /jquery_ujs.js - 200 OK (1ms)
Served asset /application.js - 200 OK (2ms)
Served asset /application.css - 200 OK (1ms)
Served asset /jquery_ujs.js - 200 OK (3ms)
Served asset /jquery.js - 200 OK (1ms)
Served asset /application.js - 200 OK (2ms)
Served asset /jquery.js - 200 OK (16ms)
Served asset /application.css - 200 OK (0ms)
Served asset /jquery_ujs.js - 200 OK (0ms)
Served asset /application.js - 200 OK (1ms)
Served asset /favicon.ico - 200 OK (10ms)
Served asset /jquery.js - 304 Not Modified (16ms)
Served asset /application.css - 304 Not Modified (1ms)
Served asset /jquery_ujs.js - 304 Not Modified (2ms)
Served asset /application.js - 304 Not Modified (4ms)
Served asset /favicon.ico - 304 Not Modified (2ms)
Served asset /jquery_ujs.js - 304 Not Modified (2ms)
Served asset /application.js - 304 Not Modified (3ms)
Served asset /jquery.js - 304 Not Modified (1ms)
Served asset /application.css - 304 Not Modified (0ms)
Served asset /application.css - 304 Not Modified (1ms)
Served asset /application.js - 304 Not Modified (3ms)
Served asset /jquery_ujs.js - 304 Not Modified (0ms)
Served asset /jquery.js - 304 Not Modified (1ms)
Served asset /application.css - 304 Not Modified (0ms)
Served asset /jquery.js - 304 Not Modified (0ms)
Served asset /jquery_ujs.js - 304 Not Modified (1ms)
Served asset /application.js - 304 Not Modified (1ms)
Served asset /favicon.ico - 304 Not Modified (0ms)
Served asset /jquery.js - 304 Not Modified (2ms)
Served asset /application.css - 304 Not Modified (0ms)
Served asset /jquery_ujs.js - 304 Not Modified (2ms)
Served asset /application.js - 304 Not Modified (2ms)
Served asset /favicon.ico - 304 Not Modified (0ms)
Served asset /application.css - 304 Not Modified (0ms)
Served asset /jquery.js - 304 Not Modified (1ms)
Served asset /jquery_ujs.js - 304 Not Modified (1ms)
Served asset /application.js - 304 Not Modified (1ms)
Served asset /favicon.ico - 304 Not Modified (1ms)
Served asset /application.css - 304 Not Modified (0ms)
Served asset /jquery.js - 304 Not Modified (1ms)
Served asset /jquery_ujs.js - 304 Not Modified (29ms)
Served asset /application.js - 304 Not Modified (1ms)
Served asset /favicon.ico - 304 Not Modified (0ms)
Served asset /jquery.js - 304 Not Modified (1ms)
Served asset /application.css - 304 Not Modified (0ms)
Served asset /jquery_ujs.js - 304 Not Modified (1ms)
Served asset /application.js - 304 Not Modified (1ms)
Served asset /application.css - 304 Not Modified (0ms)
Served asset /jquery.js - 304 Not Modified (1ms)
Served asset /jquery_ujs.js - 304 Not Modified (1ms)
Served asset /application.js - 304 Not Modified (1ms)
Served asset /jquery.js - 304 Not Modified (1ms)
Served asset /application.css - 304 Not Modified (0ms)
Served asset /jquery_ujs.js - 304 Not Modified (0ms)
Served asset /application.js - 304 Not Modified (1ms)
Served asset /application.css - 304 Not Modified (0ms)
Served asset /jquery.js - 304 Not Modified (27ms)
Served asset /jquery_ujs.js - 304 Not Modified (0ms)
Served asset /application.js - 304 Not Modified (2ms)
Served asset /jquery.js - 304 Not Modified (1ms)
Served asset /application.css - 304 Not Modified (0ms)
Served asset /jquery_ujs.js - 304 Not Modified (0ms)
Served asset /application.js - 304 Not Modified (1ms)
Served asset /favicon.ico - 304 Not Modified (0ms)
Served asset /jquery.js - 304 Not Modified (2ms)
Served asset /application.css - 304 Not Modified (0ms)
Served asset /application.js - 304 Not Modified (3ms)
Served asset /jquery_ujs.js - 304 Not Modified (1ms)
Served asset /favicon.ico - 304 Not Modified (1ms)
Served asset /application.css - 304 Not Modified (0ms)
Served asset /jquery.js - 304 Not Modified (1ms)
Served asset /jquery_ujs.js - 304 Not Modified (1ms)
Served asset /application.js - 304 Not Modified (2ms)
Served asset /favicon.ico - 304 Not Modified (0ms)
Served asset /application.css - 304 Not Modified (0ms)
Served asset /jquery.js - 304 Not Modified (0ms)
Served asset /jquery_ujs.js - 304 Not Modified (0ms)
Served asset /application.js - 304 Not Modified (1ms)
Served asset /favicon.ico - 304 Not Modified (0ms)
Served asset /jquery_ujs.js - 304 Not Modified (1ms)
Served asset /application.js - 304 Not Modified (4ms)
Served asset /application.css - 304 Not Modified (0ms)
Served asset /jquery.js - 304 Not Modified (1ms)
Served asset /application.css - 304 Not Modified (0ms)
Served asset /jquery.js - 304 Not Modified (3ms)
Served asset /jquery_ujs.js - 304 Not Modified (0ms)
Served asset /application.js - 304 Not Modified (1ms)
Served asset /application.css - 304 Not Modified (0ms)
Served asset /jquery.js - 304 Not Modified (3ms)
Served asset /jquery_ujs.js - 304 Not Modified (0ms)
Served asset /application.js - 304 Not Modified (2ms)
Served asset /application.css - 304 Not Modified (0ms)
Served asset /jquery_ujs.js - 304 Not Modified (3ms)
Served asset /jquery.js - 304 Not Modified (1ms)
Served asset /application.js - 304 Not Modified (2ms)
Served asset /application.css - 304 Not Modified (0ms)
Served asset /jquery.js - 304 Not Modified (1ms)
Served asset /application.js - 304 Not Modified (2ms)
Served asset /jquery_ujs.js - 304 Not Modified (0ms)
Served asset /favicon.ico - 304 Not Modified (1ms)
Served asset /application.css - 304 Not Modified (0ms)
Served asset /jquery.js - 304 Not Modified (3ms)
Served asset /application.js - 304 Not Modified (1ms)
Served asset /jquery_ujs.js - 304 Not Modified (0ms)
Served asset /favicon.ico - 304 Not Modified (0ms)
Served asset /application.css - 304 Not Modified (0ms)
Served asset /jquery.js - 304 Not Modified (21ms)
Served asset /application.js - 304 Not Modified (1ms)
Served asset /jquery_ujs.js - 304 Not Modified (0ms)
Served asset /application.css - 304 Not Modified (0ms)
Served asset /jquery.js - 304 Not Modified (16ms)
Served asset /jquery_ujs.js - 304 Not Modified (1ms)
Served asset /application.js - 304 Not Modified (2ms)
Served asset /application.css - 304 Not Modified (0ms)
Served asset /jquery_ujs.js - 304 Not Modified (2ms)
Served asset /jquery.js - 304 Not Modified (1ms)
Served asset /application.js - 304 Not Modified (1ms)
Served asset /application.css - 304 Not Modified (0ms)
Served asset /jquery.js - 304 Not Modified (3ms)
Served asset /jquery_ujs.js - 304 Not Modified (0ms)
Served asset /application.js - 304 Not Modified (0ms)
Served asset /application.js - 304 Not Modified (2ms)
Served asset /jquery_ujs.js - 304 Not Modified (0ms)
Served asset /application.css - 304 Not Modified (0ms)
Served asset /jquery.js - 304 Not Modified (1ms)
Served asset /application.css - 304 Not Modified (0ms)
Served asset /application.js - 304 Not Modified (4ms)
Served asset /jquery_ujs.js - 304 Not Modified (1ms)
Served asset /jquery.js - 304 Not Modified (1ms)
Served asset /application.css - 304 Not Modified (0ms)
Served asset /jquery_ujs.js - 304 Not Modified (2ms)
Served asset /application.js - 304 Not Modified (0ms)
Served asset /jquery.js - 304 Not Modified (1ms)
Served asset /application.css - 304 Not Modified (0ms)
Served asset /jquery.js - 304 Not Modified (0ms)
Served asset /jquery_ujs.js - 304 Not Modified (0ms)
Served asset /application.js - 304 Not Modified (1ms)
Served asset /favicon.ico - 304 Not Modified (0ms)
Served asset /jquery.js - 304 Not Modified (1ms)
Served asset /application.css - 304 Not Modified (0ms)
Served asset /jquery_ujs.js - 304 Not Modified (0ms)
Served asset /application.js - 304 Not Modified (2ms)
Served asset /favicon.ico - 304 Not Modified (0ms)
Served asset /application.css - 304 Not Modified (0ms)
Served asset /jquery.js - 304 Not Modified (1ms)
Served asset /jquery_ujs.js - 304 Not Modified (1ms)
Served asset /application.js - 304 Not Modified (1ms)
Served asset /favicon.ico - 304 Not Modified (0ms)
Served asset /jquery.js - 304 Not Modified (4ms)
Served asset /application.css - 304 Not Modified (1ms)
Served asset /jquery_ujs.js - 304 Not Modified (2ms)
Served asset /application.js - 304 Not Modified (4ms)
Served asset /favicon.ico - 200 OK (1ms)
Served asset /application.css - 304 Not Modified (0ms)
Served asset /jquery.js - 304 Not Modified (0ms)
Served asset /jquery_ujs.js - 304 Not Modified (0ms)
Served asset /application.js - 304 Not Modified (0ms)
Served asset /application.css - 304 Not Modified (0ms)
Served asset /jquery_ujs.js - 304 Not Modified (0ms)
Served asset /jquery.js - 304 Not Modified (0ms)
Served asset /application.js - 304 Not Modified (0ms)
Served asset /application.css - 200 OK (2ms)
Served asset /jquery.js - 200 OK (18ms)
Served asset /application.js - 200 OK (5ms)
Served asset /jquery_ujs.js - 200 OK (3ms)
Served asset /favicon.ico - 200 OK (3ms)
Served asset /jquery_ujs.js - 304 Not Modified (0ms)
Served asset /application.js - 304 Not Modified (1ms)
Served asset /application.css - 304 Not Modified (0ms)
Served asset /jquery.js - 304 Not Modified (0ms)
Served asset /jquery.js - 304 Not Modified (0ms)
Served asset /application.css - 304 Not Modified (0ms)
Served asset /jquery_ujs.js - 304 Not Modified (0ms)
Served asset /application.js - 304 Not Modified (0ms)
Served asset /application.css - 304 Not Modified (0ms)
Served asset /jquery.js - 304 Not Modified (0ms)
Served asset /jquery_ujs.js - 304 Not Modified (0ms)
Served asset /application.js - 304 Not Modified (1ms)
Served asset /favicon.ico - 304 Not Modified (0ms)
Served asset /jquery.js - 304 Not Modified (1ms)
Served asset /application.css - 304 Not Modified (0ms)
Served asset /application.js - 304 Not Modified (0ms)
Served asset /jquery_ujs.js - 304 Not Modified (0ms)
Served asset /favicon.ico - 304 Not Modified (0ms)
Served asset /jquery.js - 304 Not Modified (0ms)
Served asset /application.css - 304 Not Modified (0ms)
Served asset /jquery_ujs.js - 304 Not Modified (0ms)
Served asset /application.js - 304 Not Modified (1ms)
Served asset /favicon.ico - 304 Not Modified (0ms)
Served asset /application.css - 304 Not Modified (0ms)
Served asset /jquery.js - 304 Not Modified (0ms)
Served asset /jquery_ujs.js - 304 Not Modified (0ms)
Served asset /application.js - 304 Not Modified (0ms)
Served asset /favicon.ico - 304 Not Modified (0ms)
Served asset /jquery.js - 304 Not Modified (0ms)
Served asset /application.css - 304 Not Modified (0ms)
Served asset /jquery_ujs.js - 304 Not Modified (0ms)
Served asset /application.js - 304 Not Modified (0ms)
Served asset /favicon.ico - 304 Not Modified (0ms)
Served asset /jquery_ujs.js - 304 Not Modified (0ms)
Served asset /application.js - 304 Not Modified (0ms)
Served asset /jquery.js - 304 Not Modified (0ms)
Served asset /application.css - 304 Not Modified (0ms)
Served asset /favicon.ico - 304 Not Modified (0ms)
Served asset /application.css - 304 Not Modified (0ms)
Served asset /jquery.js - 304 Not Modified (0ms)
Served asset /jquery_ujs.js - 304 Not Modified (0ms)
Served asset /application.js - 304 Not Modified (0ms)
Served asset /favicon.ico - 304 Not Modified (1ms)
Served asset /application.js - 304 Not Modified (1ms)
Served asset /jquery_ujs.js - 304 Not Modified (0ms)
Served asset /jquery.js - 304 Not Modified (0ms)
Served asset /application.css - 304 Not Modified (0ms)
Served asset /favicon.ico - 304 Not Modified (0ms)
Served asset /application.css - 304 Not Modified (1ms)
Served asset /jquery.js - 304 Not Modified (0ms)
Served asset /jquery_ujs.js - 304 Not Modified (0ms)
Served asset /application.js - 304 Not Modified (0ms)
Served asset /favicon.ico - 304 Not Modified (0ms)
Served asset /application.css - 304 Not Modified (0ms)
Served asset /jquery.js - 304 Not Modified (0ms)
Served asset /jquery_ujs.js - 304 Not Modified (0ms)
Served asset /application.js - 304 Not Modified (0ms)
Served asset /favicon.ico - 304 Not Modified (0ms)
Served asset /jquery.js - 304 Not Modified (0ms)
Served asset /application.css - 304 Not Modified (1ms)
Served asset /jquery_ujs.js - 304 Not Modified (0ms)
Served asset /application.js - 304 Not Modified (0ms)
Served asset /favicon.ico - 304 Not Modified (0ms)
Served asset /jquery.js - 304 Not Modified (0ms)
Served asset /application.css - 304 Not Modified (0ms)
Served asset /jquery_ujs.js - 304 Not Modified (0ms)
Served asset /application.js - 304 Not Modified (0ms)
Served asset /favicon.ico - 304 Not Modified (0ms)
Served asset /jquery_ujs.js - 304 Not Modified (0ms)
Served asset /jquery.js - 304 Not Modified (0ms)
Served asset /application.js - 304 Not Modified (0ms)
Served asset /application.css - 304 Not Modified (0ms)
Served asset /favicon.ico - 304 Not Modified (1ms)
Compiled application.css  (0ms)  (pid 6156)
Served asset /application.css - 200 OK (3ms)
Served asset /jquery.js - 200 OK (0ms)
Served asset /jquery_ujs.js - 200 OK (0ms)
Served asset /application.js - 200 OK (0ms)
Served asset /favicon.ico - 304 Not Modified (0ms)
Served asset /application.js - 200 OK (0ms)
Served asset /application.css - 200 OK (0ms)
Served asset /jquery_ujs.js - 200 OK (0ms)
Served asset /jquery.js - 200 OK (0ms)
Served asset /favicon.ico - 304 Not Modified (0ms)
Served asset /jquery_ujs.js - 200 OK (0ms)
Served asset /application.js - 200 OK (0ms)
Served asset /application.css - 200 OK (0ms)
Served asset /jquery.js - 200 OK (0ms)
Served asset /favicon.ico - 304 Not Modified (0ms)
Served asset /jquery.js - 200 OK (0ms)
Served asset /jquery_ujs.js - 200 OK (0ms)
Served asset /application.css - 200 OK (0ms)
Served asset /application.js - 200 OK (0ms)
Served asset /favicon.ico - 304 Not Modified (0ms)
Served asset /jquery.js - 200 OK (0ms)
Served asset /application.css - 200 OK (0ms)
Served asset /application.js - 200 OK (0ms)
Served asset /jquery_ujs.js - 200 OK (0ms)
Served asset /favicon.ico - 304 Not Modified (0ms)
Served asset /jquery.js - 200 OK (0ms)
Served asset /application.css - 200 OK (0ms)
Served asset /jquery_ujs.js - 200 OK (0ms)
Served asset /application.js - 200 OK (1ms)
Served asset /favicon.ico - 304 Not Modified (0ms)
